Migrating to CreateUsers (20111214233517)
Compiled application.js  (3ms)  (pid 2038)
Compiled jquery.js  (2ms)  (pid 2038)
Compiled jquery_ujs.js  (1ms)  (pid 2038)
Compiled pages.js  (192ms)  (pid 2038)
Compiled sessions.js  (127ms)  (pid 2038)
Compiled users.js  (139ms)  (pid 2038)
Compiled application.css  (16ms)  (pid 2038)
Compiled blueprint/ie.css  (0ms)  (pid 2038)
Compiled blueprint/plugins/buttons/screen.css  (0ms)  (pid 2038)
Compiled blueprint/plugins/fancy-type/screen.css  (0ms)  (pid 2038)
Compiled blueprint/plugins/link-icons/screen.css  (0ms)  (pid 2038)
Compiled blueprint/plugins/rtl/screen.css  (0ms)  (pid 2038)
Compiled blueprint/print.css  (0ms)  (pid 2038)
Compiled blueprint/screen.css  (0ms)  (pid 2038)
Compiled blueprint/src/forms.css  (0ms)  (pid 2038)
Compiled blueprint/src/grid.css  (0ms)  (pid 2038)
Compiled blueprint/src/ie.css  (0ms)  (pid 2038)
Compiled blueprint/src/print.css  (0ms)  (pid 2038)
Compiled blueprint/src/reset.css  (0ms)  (pid 2038)
Compiled blueprint/src/typography.css  (0ms)  (pid 2038)
Compiled custom.css  (0ms)  (pid 2038)
Compiled ie.css  (0ms)  (pid 2038)
Compiled pages.css  (45ms)  (pid 2038)
Compiled plugins/buttons/screen.css  (0ms)  (pid 2038)
Compiled plugins/fancy-type/screen.css  (0ms)  (pid 2038)
Compiled plugins/link-icons/screen.css  (0ms)  (pid 2038)
Compiled plugins/rtl/screen.css  (0ms)  (pid 2038)
Compiled print.css  (0ms)  (pid 2038)
Compiled screen.css  (0ms)  (pid 2038)
Compiled sessions.css  (1ms)  (pid 2038)
Compiled src/forms.css  (0ms)  (pid 2038)
Compiled src/grid.css  (0ms)  (pid 2038)
Compiled src/ie.css  (0ms)  (pid 2038)
Compiled src/print.css  (0ms)  (pid 2038)
Compiled src/reset.css  (0ms)  (pid 2038)
Compiled src/typography.css  (0ms)  (pid 2038)
Compiled users.css  (0ms)  (pid 2038)
Compiled application.js  (4ms)  (pid 2013)
Compiled jquery.js  (4ms)  (pid 2013)
Compiled jquery_ujs.js  (1ms)  (pid 2013)
Compiled pages.js  (200ms)  (pid 2013)
Compiled sessions.js  (152ms)  (pid 2013)
Compiled users.js  (123ms)  (pid 2013)
Compiled application.css  (15ms)  (pid 2013)
Compiled blueprint/ie.css  (1ms)  (pid 2013)
Compiled blueprint/plugins/buttons/screen.css  (0ms)  (pid 2013)
Compiled blueprint/plugins/fancy-type/screen.css  (0ms)  (pid 2013)
Compiled blueprint/plugins/link-icons/screen.css  (0ms)  (pid 2013)
Compiled blueprint/plugins/rtl/screen.css  (0ms)  (pid 2013)
Compiled blueprint/print.css  (0ms)  (pid 2013)
Compiled blueprint/screen.css  (1ms)  (pid 2013)
Compiled blueprint/src/forms.css  (0ms)  (pid 2013)
Compiled blueprint/src/grid.css  (0ms)  (pid 2013)
Compiled blueprint/src/ie.css  (0ms)  (pid 2013)
Compiled blueprint/src/print.css  (1ms)  (pid 2013)
Compiled blueprint/src/reset.css  (0ms)  (pid 2013)
Compiled blueprint/src/typography.css  (0ms)  (pid 2013)
Compiled custom.css  (0ms)  (pid 2013)
Compiled ie.css  (0ms)  (pid 2013)
Compiled pages.css  (50ms)  (pid 2013)
Compiled plugins/buttons/screen.css  (0ms)  (pid 2013)
Compiled plugins/fancy-type/screen.css  (1ms)  (pid 2013)
Compiled plugins/link-icons/screen.css  (1ms)  (pid 2013)
Compiled plugins/rtl/screen.css  (1ms)  (pid 2013)
Compiled print.css  (1ms)  (pid 2013)
Compiled screen.css  (1ms)  (pid 2013)
Compiled sessions.css  (1ms)  (pid 2013)
Compiled src/forms.css  (0ms)  (pid 2013)
Compiled src/grid.css  (0ms)  (pid 2013)
Compiled src/ie.css  (0ms)  (pid 2013)
Compiled src/print.css  (0ms)  (pid 2013)
Compiled src/reset.css  (0ms)  (pid 2013)
Compiled src/typography.css  (0ms)  (pid 2013)
Compiled users.css  (2ms)  (pid 2013)
